<?xml version="1.0" encoding="UTF-8"?>
<!-- Generated by org.testng.reporters.JUnitReportReporter -->
<testsuite hostname="DESKTOP-LUFK59G" failures="0" tests="1" name="Pack1.Simple" time="0.002" errors="0" timestamp="2023-03-10T17:49:15 IST" skipped="0">
  <testcase classname="Pack1.Simple" name="test1" time="0.002"/>
  <system-out/>
</testsuite> <!-- Pack1.Simple -->
