<?xml version="1.0" encoding="UTF-8"?>
<!-- Generated by org.testng.reporters.JUnitReportReporter -->
<testsuite hostname="DESKTOP-LUFK59G" failures="0" tests="1" name="Pack1.Simple2" time="0.010" errors="0" timestamp="2023-03-10T17:49:15 IST" skipped="0">
  <testcase classname="Pack1.Simple2" name="test2" time="0.010"/>
  <system-out/>
</testsuite> <!-- Pack1.Simple2 -->
